[INFO ] 2023-04-03 11:28:02.178 [main] StepDef - Item added to cart
[INFO ] 2023-04-03 11:28:02.877 [main] StepDef - Item removed from cart
[INFO ] 2023-04-03 11:28:03.180 [main] StepDef - Scenario excuted successfully...
[INFO ] 2023-04-03 11:28:17.747 [main] StepDef - User is landed on log page
[INFO ] 2023-04-03 11:28:18.361 [main] StepDef - User logged in successfully
[INFO ] 2023-04-03 11:28:18.362 [main] StepDef - Scenario excuted successfully...
[INFO ] 2023-04-03 11:39:25.476 [main] StepDef - Item added to cart
[INFO ] 2023-04-03 11:39:26.011 [main] StepDef - Item removed from cart
[INFO ] 2023-04-03 11:39:26.358 [main] StepDef - Scenario excuted successfully...
[INFO ] 2023-04-03 11:39:36.552 [main] StepDef - User is landed on log page
[INFO ] 2023-04-03 11:39:37.323 [main] StepDef - User logged in successfully
[INFO ] 2023-04-03 11:39:37.325 [main] StepDef - Scenario excuted successfully...
[INFO ] 2023-04-03 12:07:26.155 [main] StepDef - Item added to cart
[INFO ] 2023-04-03 12:07:26.912 [main] StepDef - Item removed from cart
[INFO ] 2023-04-03 12:07:27.247 [main] StepDef - Scenario excuted successfully...
[INFO ] 2023-04-03 12:07:36.661 [main] StepDef - User is landed on log page
[INFO ] 2023-04-03 12:07:37.293 [main] StepDef - User logged in successfully
[INFO ] 2023-04-03 12:07:37.293 [main] StepDef - Scenario excuted successfully...
[INFO ] 2023-04-03 16:30:32.384 [main] StepDef - Item added to cart
[INFO ] 2023-04-03 16:30:33.088 [main] StepDef - Item removed from cart
[INFO ] 2023-04-03 16:30:33.468 [main] StepDef - Scenario excuted successfully...
[INFO ] 2023-04-03 16:30:41.736 [main] StepDef - User is landed on log page
[INFO ] 2023-04-03 16:30:42.374 [main] StepDef - User logged in successfully
[INFO ] 2023-04-03 16:30:42.376 [main] StepDef - Scenario excuted successfully...
[INFO ] 2023-04-03 17:15:27.738 [main] StepDef - Item added to cart
[INFO ] 2023-04-03 17:15:28.303 [main] StepDef - Item removed from cart
[INFO ] 2023-04-03 17:15:28.583 [main] StepDef - Scenario excuted successfully...
[INFO ] 2023-04-03 17:15:38.162 [main] StepDef - User is landed on log page
[INFO ] 2023-04-03 17:15:38.829 [main] StepDef - User logged in successfully
[INFO ] 2023-04-03 17:15:38.831 [main] StepDef - Scenario excuted successfully...
[INFO ] 2023-04-03 17:17:57.223 [main] StepDef - Item added to cart
[INFO ] 2023-04-03 17:17:57.788 [main] StepDef - Item removed from cart
[INFO ] 2023-04-03 17:17:58.111 [main] StepDef - Scenario excuted successfully...
[INFO ] 2023-04-03 17:18:03.924 [main] StepDef - User is landed on log page
[INFO ] 2023-04-03 17:18:04.596 [main] StepDef - User logged in successfully
[INFO ] 2023-04-03 17:18:04.596 [main] StepDef - Scenario excuted successfully...
[INFO ] 2023-04-03 17:19:01.798 [main] StepDef - Item added to cart
[INFO ] 2023-04-03 17:19:02.347 [main] StepDef - Item removed from cart
[INFO ] 2023-04-03 17:19:02.656 [main] StepDef - Scenario excuted successfully...
[INFO ] 2023-04-03 17:19:09.656 [main] StepDef - User is landed on log page
[INFO ] 2023-04-03 17:19:10.322 [main] StepDef - User logged in successfully
[INFO ] 2023-04-03 17:19:10.323 [main] StepDef - Scenario excuted successfully...
[INFO ] 2023-04-03 17:46:28.903 [main] StepDef - Item added to cart
[INFO ] 2023-04-03 17:46:30.016 [main] StepDef - Item removed from cart
[INFO ] 2023-04-03 17:46:30.410 [main] StepDef - Scenario excuted successfully...
[INFO ] 2023-04-03 17:46:38.561 [main] StepDef - User is landed on log page
[INFO ] 2023-04-03 17:46:40.116 [main] StepDef - User logged in successfully
[INFO ] 2023-04-03 17:46:40.117 [main] StepDef - Scenario excuted successfully...
[INFO ] 2023-04-03 17:48:24.471 [main] StepDef - Item added to cart
[INFO ] 2023-04-03 17:48:25.092 [main] StepDef - Item removed from cart
[INFO ] 2023-04-03 17:48:25.453 [main] StepDef - Scenario excuted successfully...
[INFO ] 2023-04-03 17:48:32.454 [main] StepDef - User is landed on log page
[INFO ] 2023-04-03 17:48:33.139 [main] StepDef - User logged in successfully
[INFO ] 2023-04-03 17:48:33.140 [main] StepDef - Scenario excuted successfully...
[INFO ] 2023-04-03 17:58:00.474 [main] StepDef - Item added to cart
[INFO ] 2023-04-03 17:58:01.264 [main] StepDef - Item removed from cart
[INFO ] 2023-04-03 17:58:01.735 [main] StepDef - Scenario excuted successfully...
[INFO ] 2023-04-03 17:58:08.629 [main] StepDef - User is landed on log page
[INFO ] 2023-04-03 17:58:09.326 [main] StepDef - User logged in successfully
[INFO ] 2023-04-03 17:58:09.327 [main] StepDef - Scenario excuted successfully...
[INFO ] 2023-04-03 18:10:33.505 [main] StepDef - Item added to cart
[INFO ] 2023-04-03 18:10:34.247 [main] StepDef - Item removed from cart
[INFO ] 2023-04-03 18:10:34.553 [main] StepDef - Scenario excuted successfully...
[INFO ] 2023-04-03 18:10:41.631 [main] StepDef - User is landed on log page
[INFO ] 2023-04-03 18:10:42.339 [main] StepDef - User logged in successfully
[INFO ] 2023-04-03 18:10:42.341 [main] StepDef - Scenario excuted successfully...
[INFO ] 2023-04-03 18:14:34.595 [main] StepDef - Item added to cart
[INFO ] 2023-04-03 18:14:35.202 [main] StepDef - Item removed from cart
[INFO ] 2023-04-03 18:14:35.490 [main] StepDef - Scenario excuted successfully...
[INFO ] 2023-04-03 18:14:42.194 [main] StepDef - User is landed on log page
[INFO ] 2023-04-03 18:14:42.848 [main] StepDef - User logged in successfully
[INFO ] 2023-04-03 18:14:42.848 [main] StepDef - Scenario excuted successfully...
[INFO ] 2023-04-03 18:15:36.124 [main] StepDef - Item added to cart
[INFO ] 2023-04-03 18:15:36.704 [main] StepDef - Item removed from cart
[INFO ] 2023-04-03 18:15:37.003 [main] StepDef - Scenario excuted successfully...
[INFO ] 2023-04-03 18:15:45.895 [main] StepDef - User is landed on log page
[INFO ] 2023-04-03 18:15:46.548 [main] StepDef - User logged in successfully
[INFO ] 2023-04-03 18:15:46.548 [main] StepDef - Scenario excuted successfully...
[INFO ] 2023-04-03 18:20:28.301 [main] StepDef - Item added to cart
[INFO ] 2023-04-03 18:20:28.906 [main] StepDef - Item removed from cart
[INFO ] 2023-04-03 18:20:29.343 [main] StepDef - Scenario excuted successfully...
[INFO ] 2023-04-03 18:20:36.745 [main] StepDef - User is landed on log page
[INFO ] 2023-04-03 18:20:37.494 [main] StepDef - User logged in successfully
[INFO ] 2023-04-03 18:20:37.496 [main] StepDef - Scenario excuted successfully...
[INFO ] 2023-04-03 18:23:22.827 [main] StepDef - Item added to cart
[INFO ] 2023-04-03 18:23:23.435 [main] StepDef - Item removed from cart
[INFO ] 2023-04-03 18:24:30.505 [main] StepDef - User is landed on log page
[INFO ] 2023-04-03 18:24:31.151 [main] StepDef - User logged in successfully
[INFO ] 2023-04-03 18:24:31.153 [main] StepDef - Scenario excuted successfully...
[INFO ] 2023-04-03 18:33:49.849 [main] StepDef - Item added to cart
[INFO ] 2023-04-03 18:33:50.486 [main] StepDef - Item removed from cart
[INFO ] 2023-04-03 18:34:57.829 [main] StepDef - User is landed on log page
[INFO ] 2023-04-03 18:34:58.471 [main] StepDef - User logged in successfully
[INFO ] 2023-04-03 18:34:58.472 [main] StepDef - Scenario excuted successfully...
[INFO ] 2023-04-03 19:09:02.468 [main] StepDef - Item added to cart
[INFO ] 2023-04-03 19:09:03.338 [main] StepDef - Item removed from cart
[INFO ] 2023-04-03 19:09:03.688 [main] StepDef - Scenario excuted successfully...
[INFO ] 2023-04-03 19:09:16.178 [main] StepDef - User is landed on log page
[INFO ] 2023-04-03 19:09:17.025 [main] StepDef - User logged in successfully
[INFO ] 2023-04-03 19:09:17.027 [main] StepDef - Scenario excuted successfully...
